[debug] > Exec(early(addDefaultCommands), None, None)
[debug] > Exec(addDefaultCommands, None, None)
[debug] > Exec(early(initialize), None, None)
[debug] > Exec(initialize, None, None)
[debug] > Exec(boot, None, None)
[debug] > Exec(writeSbtVersion, None, None)
[debug] > Exec(reload, None, None)
[debug] > Exec(sbtStashOnFailure, None, None)
[debug] > Exec(onFailure loadFailed, None, None)
[debug] > Exec(loadp, None, None)
[info] welcome to sbt 1.4.7 (JetBrains s.r.o. Java 11.0.9.1)
[debug] Load.defaultLoad until apply took 829.0024ms
[debug]           Load.loadUnit: plugins took 157.5938ms
[debug]           Load.loadUnit: defsScala took 0.5742ms
[debug] [Loading] Scanning directory C:\Users\user\Desktop\scala\week5exmp\project
[debug] [Loading] Found non-root projects 
[debug] [Loading] Done in C:\Users\user\Desktop\scala\week5exmp\project, returning: ()
[debug] deducing auto plugins based on known facts Set(Atom(sbt.plugins.CorePlugin)) and clauses Clauses(List(Clause(Atom(sbt.plugins.JvmPlugin),Set(Atom(sbt.plugins.IvyPlugin))), Clause(Atom(sbt.ScriptedPlugin),Set(Atom(sbt.plugins.JvmPlugin))), Clause(Atom(sbt.plugins.SbtPlugin),Set(Atom(sbt.ScriptedPlugin))), Clause(Atom(sbt.plugins.SemanticdbPlugin),Set(Atom(sbt.plugins.JvmPlugin))), Clause(Atom(sbt.plugins.JUnitXmlReportPlugin),Set(Atom(sbt.plugins.JvmPlugin))), Clause(Atom(sbt.plugins.MiniDependencyTreePlugin),Set(Atom(sbt.plugins.JvmPlugin))), Clause(Atom(sbt.plugins.CorePlugin),Set(Atom(sbt.plugins.IvyPlugin))), Clause(Atom(sbt.plugins.IvyPlugin),Set(Atom(sbt.plugins.JvmPlugin))), Clause(Atom(sbt.plugins.JvmPlugin),Set(Atom(sbt.plugins.SemanticdbPlugin))), Clause(Atom(sbt.plugins.JvmPlugin),Set(Atom(sbt.plugins.JUnitXmlReportPlugin))), Clause(Atom(sbt.plugins.CorePlugin),Set(Atom(sbt.plugins.Giter8TemplatePlugin))), Clause(Atom(sbt.plugins.JvmPlugin),Set(Atom(sbt.plugins.MiniDependencyTreePlugin)))))
[debug]   :: deduced result: Matched(sbt.plugins.CorePlugin,sbt.plugins.Giter8TemplatePlugin,sbt.plugins.IvyPlugin,sbt.plugins.JvmPlugin,sbt.plugins.MiniDependencyTreePlugin,sbt.plugins.JUnitXmlReportPlugin,sbt.plugins.SemanticdbPlugin)
[debug] Plugins.deducer#function took 42.6637 ms
[debug]               Load.resolveProject(week5exmp-build) took 77.864ms
[debug]             Load.loadTransitive: finalizeProject(Project(id week5exmp-build, base: C:\Users\user\Desktop\scala\week5exmp\project, plugins: List(<none>))) took 192.1622ms
[debug] [Loading] Done in C:\Users\user\Desktop\scala\week5exmp\project, returning: (week5exmp-build)
[debug]           Load.loadUnit: loadedProjectsRaw took 222.2293ms
[debug]           Load.loadUnit: cleanEvalClasses took 0.5484ms
[debug]         Load.loadUnit(file:/C:/Users/user/Desktop/scala/week5exmp/project/, ...) took 391.5101ms
[debug]       Load.apply: load took 764.9455ms
[debug]       Load.apply: resolveProjects took 13.9136ms
[debug]       Load.apply: finalTransforms took 91.3006ms
[debug]       Load.apply: config.delegates took 13.5306ms
[debug]       Load.apply: Def.make(settings)... took 1127.6414ms
[debug]       Load.apply: structureIndex took 248.4135ms
[debug]       Load.apply: mkStreams took 2.1048ms
[info] loading project definition from C:\Users\user\Desktop\scala\week5exmp\project
[debug] Running task... Cancel: Signal, check cycles: false, forcegc: true
[debug]     Load.loadUnit: plugins took 4048.1498ms
[debug]     Load.loadUnit: defsScala took 0.006ms
[debug] [Loading] Scanning directory C:\Users\user\Desktop\scala\week5exmp
[debug]       Load.loadUnit: mkEval took 6.0056ms
[debug] [Loading] Found non-root projects 
[debug] [Loading] Done in C:\Users\user\Desktop\scala\week5exmp, returning: ()
[debug] deducing auto plugins based on known facts Set(Atom(sbt.plugins.CorePlugin)) and clauses Clauses(List(Clause(Atom(sbt.plugins.JvmPlugin),Set(Atom(sbt.plugins.IvyPlugin))), Clause(Atom(sbt.ScriptedPlugin),Set(Atom(sbt.plugins.JvmPlugin))), Clause(Atom(sbt.plugins.SbtPlugin),Set(Atom(sbt.ScriptedPlugin))), Clause(Atom(sbt.plugins.SemanticdbPlugin),Set(Atom(sbt.plugins.JvmPlugin))), Clause(Atom(sbt.plugins.JUnitXmlReportPlugin),Set(Atom(sbt.plugins.JvmPlugin))), Clause(Atom(sbt.plugins.MiniDependencyTreePlugin),Set(Atom(sbt.plugins.JvmPlugin))), Clause(Atom(sbt.plugins.CorePlugin),Set(Atom(sbt.plugins.IvyPlugin))), Clause(Atom(sbt.plugins.IvyPlugin),Set(Atom(sbt.plugins.JvmPlugin))), Clause(Atom(sbt.plugins.JvmPlugin),Set(Atom(sbt.plugins.SemanticdbPlugin))), Clause(Atom(sbt.plugins.JvmPlugin),Set(Atom(sbt.plugins.JUnitXmlReportPlugin))), Clause(Atom(sbt.plugins.CorePlugin),Set(Atom(sbt.plugins.Giter8TemplatePlugin))), Clause(Atom(sbt.plugins.JvmPlugin),Set(Atom(sbt.plugins.MiniDependencyTreePlugin)))))
[debug]   :: deduced result: Matched(sbt.plugins.CorePlugin,sbt.plugins.Giter8TemplatePlugin,sbt.plugins.IvyPlugin,sbt.plugins.JvmPlugin,sbt.plugins.MiniDependencyTreePlugin,sbt.plugins.JUnitXmlReportPlugin,sbt.plugins.SemanticdbPlugin)
[debug] Plugins.deducer#function took 4.5617 ms
[info] loading settings for project week5exmp from build.sbt ...
[debug]         Load.resolveProject(week5exmp) took 5.7126ms
[debug]       Load.loadTransitive: finalizeProject(Project(id week5exmp, base: C:\Users\user\Desktop\scala\week5exmp, plugins: List(<none>))) took 11.0175ms
[debug] [Loading] Done in C:\Users\user\Desktop\scala\week5exmp, returning: (week5exmp)
[debug]     Load.loadUnit: loadedProjectsRaw took 2690.4615ms
[debug]     Load.loadUnit: cleanEvalClasses took 13.4114ms
[debug]   Load.loadUnit(file:/C:/Users/user/Desktop/scala/week5exmp/, ...) took 6755.6754ms
[debug] Load.apply: load took 6798.074ms
[debug] Load.apply: resolveProjects took 0.2211ms
[debug] Load.apply: finalTransforms took 54.2289ms
[debug] Load.apply: config.delegates took 1.2699ms
[debug] Load.apply: Def.make(settings)... took 166.7917ms
[debug] Load.apply: structureIndex took 41.2796ms
[debug] Load.apply: mkStreams took 0.0027ms
[info] set current project to week5exmp (in build file:/C:/Users/user/Desktop/scala/week5exmp/)
[debug] > Exec(sbtPopOnFailure, None, None)
[debug] > Exec(resumeFromFailure, None, None)
[debug] > Exec(notifyUsersAboutShell, None, None)
[debug] > Exec(iflast shell, None, None)
[debug] > Exec(run, None, None)
[debug] Evaluating tasks: Compile / run
[debug] Running task... Cancel: Signal, check cycles: false, forcegc: true
[info] compiling 1 Scala source to C:\Users\user\Desktop\scala\week5exmp\target\scala-2.13\classes ...
[info] done compiling
