[debug] > Exec(early(addDefaultCommands), None, None)
[debug] > Exec(addDefaultCommands, None, None)
[debug] > Exec(early(initialize), None, None)
[debug] > Exec(initialize, None, None)
[debug] > Exec(boot, None, None)
[debug] > Exec(writeSbtVersion, None, None)
[debug] > Exec(reload, None, None)
[debug] > Exec(sbtStashOnFailure, None, None)
[debug] > Exec(onFailure loadFailed, None, None)
[debug] > Exec(loadp, None, None)
[info] welcome to sbt 1.4.7 (JetBrains s.r.o. Java 11.0.9.1)
[debug]       Load.loadUnit: plugins took 134.1773ms
[debug]       Load.loadUnit: defsScala took 0.4763ms
[debug] [Loading] Scanning directory C:\Users\user\.sbt\1.0\plugins
[debug] [Loading] Found non-root projects 
[debug] [Loading] Done in C:\Users\user\.sbt\1.0\plugins, returning: ()
[debug] deducing auto plugins based on known facts Set(Atom(sbt.plugins.CorePlugin)) and clauses Clauses(List(Clause(Atom(sbt.plugins.JvmPlugin),Set(Atom(sbt.plugins.IvyPlugin))), Clause(Atom(sbt.ScriptedPlugin),Set(Atom(sbt.plugins.JvmPlugin))), Clause(Atom(sbt.plugins.SbtPlugin),Set(Atom(sbt.ScriptedPlugin))), Clause(Atom(sbt.plugins.SemanticdbPlugin),Set(Atom(sbt.plugins.JvmPlugin))), Clause(Atom(sbt.plugins.JUnitXmlReportPlugin),Set(Atom(sbt.plugins.JvmPlugin))), Clause(Atom(sbt.plugins.MiniDependencyTreePlugin),Set(Atom(sbt.plugins.JvmPlugin))), Clause(Atom(sbt.plugins.CorePlugin),Set(Atom(sbt.plugins.IvyPlugin))), Clause(Atom(sbt.plugins.IvyPlugin),Set(Atom(sbt.plugins.JvmPlugin))), Clause(Atom(sbt.plugins.JvmPlugin),Set(Atom(sbt.plugins.SemanticdbPlugin))), Clause(Atom(sbt.plugins.JvmPlugin),Set(Atom(sbt.plugins.JUnitXmlReportPlugin))), Clause(Atom(sbt.plugins.CorePlugin),Set(Atom(sbt.plugins.Giter8TemplatePlugin))), Clause(Atom(sbt.plugins.JvmPlugin),Set(Atom(sbt.plugins.MiniDependencyTreePlugin)))))
[debug]   :: deduced result: Matched(sbt.plugins.CorePlugin,sbt.plugins.Giter8TemplatePlugin,sbt.plugins.IvyPlugin,sbt.plugins.JvmPlugin,sbt.plugins.MiniDependencyTreePlugin,sbt.plugins.JUnitXmlReportPlugin,sbt.plugins.SemanticdbPlugin)
[debug] Plugins.deducer#function took 38.8461 ms
[debug]           Load.resolveProject(global-plugins) took 61.4859ms
[debug]         Load.loadTransitive: finalizeProject(Project(id global-plugins, base: C:\Users\user\.sbt\1.0\plugins, plugins: List(<none>))) took 142.9384ms
[debug] [Loading] Done in C:\Users\user\.sbt\1.0\plugins, returning: (global-plugins)
[debug]       Load.loadUnit: loadedProjectsRaw took 176.0435ms
[debug]       Load.loadUnit: cleanEvalClasses took 0.5239ms
[debug]     Load.loadUnit(file:/C:/Users/user/.sbt/1.0/plugins/, ...) took 328.0064ms
[debug]   Load.apply: load took 646.3491ms
[debug]   Load.apply: resolveProjects took 9.8067ms
[debug]   Load.apply: finalTransforms took 112.0926ms
[debug]   Load.apply: config.delegates took 10.1924ms
[debug]   Load.apply: Def.make(settings)... took 672.2293ms
[debug]   Load.apply: structureIndex took 130.5308ms
[debug]   Load.apply: mkStreams took 1.8354ms
[info] loading global plugins from C:\Users\user\.sbt\1.0\plugins
[debug] Running task... Cancel: Signal, check cycles: false, forcegc: true
[debug] Load.defaultLoad until apply took 3980.1852ms
[debug]           Load.loadUnit: plugins took 42.025ms
[debug]           Load.loadUnit: defsScala took 0.0045ms
[debug] [Loading] Scanning directory C:\Users\user\Desktop\scala\Calculator2\project
[debug] [Loading] Found non-root projects 
[debug] [Loading] Done in C:\Users\user\Desktop\scala\Calculator2\project, returning: ()
[debug] deducing auto plugins based on known facts Set(Atom(sbt.plugins.CorePlugin)) and clauses Clauses(List(Clause(Atom(sbt.plugins.JvmPlugin),Set(Atom(sbt.plugins.IvyPlugin))), Clause(Atom(sbt.ScriptedPlugin),Set(Atom(sbt.plugins.JvmPlugin))), Clause(Atom(sbt.plugins.SbtPlugin),Set(Atom(sbt.ScriptedPlugin))), Clause(Atom(sbt.plugins.SemanticdbPlugin),Set(Atom(sbt.plugins.JvmPlugin))), Clause(Atom(sbt.plugins.JUnitXmlReportPlugin),Set(Atom(sbt.plugins.JvmPlugin))), Clause(Atom(sbt.plugins.MiniDependencyTreePlugin),Set(Atom(sbt.plugins.JvmPlugin))), Clause(Atom(sbt.plugins.CorePlugin),Set(Atom(sbt.plugins.IvyPlugin))), Clause(Atom(sbt.plugins.IvyPlugin),Set(Atom(sbt.plugins.JvmPlugin))), Clause(Atom(sbt.plugins.JvmPlugin),Set(Atom(sbt.plugins.SemanticdbPlugin))), Clause(Atom(sbt.plugins.JvmPlugin),Set(Atom(sbt.plugins.JUnitXmlReportPlugin))), Clause(Atom(sbt.plugins.CorePlugin),Set(Atom(sbt.plugins.Giter8TemplatePlugin))), Clause(Atom(sbt.plugins.JvmPlugin),Set(Atom(sbt.plugins.MiniDependencyTreePlugin)))))
[debug]   :: deduced result: Matched(sbt.plugins.CorePlugin,sbt.plugins.Giter8TemplatePlugin,sbt.plugins.IvyPlugin,sbt.plugins.JvmPlugin,sbt.plugins.MiniDependencyTreePlugin,sbt.plugins.JUnitXmlReportPlugin,sbt.plugins.SemanticdbPlugin)
[debug] Plugins.deducer#function took 2.8143 ms
[debug]               Load.resolveProject(calculator2-build) took 2.2635ms
[debug]             Load.loadTransitive: finalizeProject(Project(id calculator2-build, base: C:\Users\user\Desktop\scala\Calculator2\project, plugins: List(<none>))) took 5.9602ms
[debug] [Loading] Done in C:\Users\user\Desktop\scala\Calculator2\project, returning: (calculator2-build)
[debug]           Load.loadUnit: loadedProjectsRaw took 8.3948ms
[debug]           Load.loadUnit: cleanEvalClasses took 0.0135ms
[debug]         Load.loadUnit(file:/C:/Users/user/Desktop/scala/Calculator2/project/, ...) took 51.6215ms
[debug]       Load.apply: load took 54.2775ms
[debug]       Load.apply: resolveProjects took 0.1511ms
[debug]       Load.apply: finalTransforms took 15.811ms
[debug]       Load.apply: config.delegates took 0.4625ms
[debug]       Load.apply: Def.make(settings)... took 142.5207ms
[debug]       Load.apply: structureIndex took 32.8865ms
[debug]       Load.apply: mkStreams took 0.0037ms
[info] loading project definition from C:\Users\user\Desktop\scala\Calculator2\project
[debug] Running task... Cancel: Signal, check cycles: false, forcegc: true
[debug]     Load.loadUnit: plugins took 576.3919ms
[debug]     Load.loadUnit: defsScala took 0.0034ms
[debug] [Loading] Scanning directory C:\Users\user\Desktop\scala\Calculator2
[debug]       Load.loadUnit: mkEval took 6.0153ms
[debug] [Loading] Found non-root projects 
[debug] [Loading] Done in C:\Users\user\Desktop\scala\Calculator2, returning: ()
[debug] deducing auto plugins based on known facts Set(Atom(sbt.plugins.CorePlugin)) and clauses Clauses(List(Clause(Atom(sbt.plugins.JvmPlugin),Set(Atom(sbt.plugins.IvyPlugin))), Clause(Atom(sbt.ScriptedPlugin),Set(Atom(sbt.plugins.JvmPlugin))), Clause(Atom(sbt.plugins.SbtPlugin),Set(Atom(sbt.ScriptedPlugin))), Clause(Atom(sbt.plugins.SemanticdbPlugin),Set(Atom(sbt.plugins.JvmPlugin))), Clause(Atom(sbt.plugins.JUnitXmlReportPlugin),Set(Atom(sbt.plugins.JvmPlugin))), Clause(Atom(sbt.plugins.MiniDependencyTreePlugin),Set(Atom(sbt.plugins.JvmPlugin))), Clause(Atom(sbt.plugins.CorePlugin),Set(Atom(sbt.plugins.IvyPlugin))), Clause(Atom(sbt.plugins.IvyPlugin),Set(Atom(sbt.plugins.JvmPlugin))), Clause(Atom(sbt.plugins.JvmPlugin),Set(Atom(sbt.plugins.SemanticdbPlugin))), Clause(Atom(sbt.plugins.JvmPlugin),Set(Atom(sbt.plugins.JUnitXmlReportPlugin))), Clause(Atom(sbt.plugins.CorePlugin),Set(Atom(sbt.plugins.Giter8TemplatePlugin))), Clause(Atom(sbt.plugins.JvmPlugin),Set(Atom(sbt.plugins.MiniDependencyTreePlugin)))))
[debug]   :: deduced result: Matched(sbt.plugins.CorePlugin,sbt.plugins.Giter8TemplatePlugin,sbt.plugins.IvyPlugin,sbt.plugins.JvmPlugin,sbt.plugins.MiniDependencyTreePlugin,sbt.plugins.JUnitXmlReportPlugin,sbt.plugins.SemanticdbPlugin)
[debug] Plugins.deducer#function took 2.3446 ms
[info] loading settings for project calculator2 from build.sbt ...
[debug]         Load.resolveProject(calculator2) took 3.6035ms
[debug]       Load.loadTransitive: finalizeProject(Project(id calculator2, base: C:\Users\user\Desktop\scala\Calculator2, plugins: List(<none>))) took 6.5934ms
[debug] [Loading] Done in C:\Users\user\Desktop\scala\Calculator2, returning: (calculator2)
[debug]     Load.loadUnit: loadedProjectsRaw took 151.137ms
[debug]     Load.loadUnit: cleanEvalClasses took 9.2874ms
[debug]   Load.loadUnit(file:/C:/Users/user/Desktop/scala/Calculator2/, ...) took 737.6811ms
[debug] Load.apply: load took 740.0558ms
[debug] Load.apply: resolveProjects took 0.1572ms
[debug] Load.apply: finalTransforms took 10.9889ms
[debug] Load.apply: config.delegates took 0.5831ms
[debug] Load.apply: Def.make(settings)... took 136.2114ms
[debug] Load.apply: structureIndex took 29.4632ms
[debug] Load.apply: mkStreams took 0.0032ms
[info] set current project to Calculator2 (in build file:/C:/Users/user/Desktop/scala/Calculator2/)
[debug] > Exec(sbtPopOnFailure, None, None)
[debug] > Exec(resumeFromFailure, None, None)
[debug] > Exec(notifyUsersAboutShell, None, None)
[debug] > Exec(iflast shell, None, None)
[debug] > Exec(run, None, None)
[debug] Evaluating tasks: Compile / run
[debug] Running task... Cancel: Signal, check cycles: false, forcegc: true
[info] compiling 1 Scala source to C:\Users\user\Desktop\scala\Calculator2\target\scala-2.13\classes ...
[info] done compiling
