[debug] > Exec(early(addDefaultCommands), None, None)
[debug] > Exec(addDefaultCommands, None, None)
[debug] > Exec(early(initialize), None, None)
[debug] > Exec(initialize, None, None)
[debug] > Exec(boot, None, None)
[debug] > Exec(writeSbtVersion, None, None)
[debug] > Exec(reload, None, None)
[debug] > Exec(sbtStashOnFailure, None, None)
[debug] > Exec(onFailure loadFailed, None, None)
[debug] > Exec(loadp, None, None)
[info] welcome to sbt 1.4.7 (JetBrains s.r.o. Java 11.0.9.1)
[debug]       Load.loadUnit: plugins took 207.6264ms
[debug]       Load.loadUnit: defsScala took 0.3494ms
[debug] [Loading] Scanning directory C:\Users\user\.sbt\1.0\plugins
[debug] [Loading] Found non-root projects 
[debug] [Loading] Done in C:\Users\user\.sbt\1.0\plugins, returning: ()
[debug] deducing auto plugins based on known facts Set(Atom(sbt.plugins.CorePlugin)) and clauses Clauses(List(Clause(Atom(sbt.plugins.JvmPlugin),Set(Atom(sbt.plugins.IvyPlugin))), Clause(Atom(sbt.ScriptedPlugin),Set(Atom(sbt.plugins.JvmPlugin))), Clause(Atom(sbt.plugins.SbtPlugin),Set(Atom(sbt.ScriptedPlugin))), Clause(Atom(sbt.plugins.SemanticdbPlugin),Set(Atom(sbt.plugins.JvmPlugin))), Clause(Atom(sbt.plugins.JUnitXmlReportPlugin),Set(Atom(sbt.plugins.JvmPlugin))), Clause(Atom(sbt.plugins.MiniDependencyTreePlugin),Set(Atom(sbt.plugins.JvmPlugin))), Clause(Atom(sbt.plugins.CorePlugin),Set(Atom(sbt.plugins.IvyPlugin))), Clause(Atom(sbt.plugins.IvyPlugin),Set(Atom(sbt.plugins.JvmPlugin))), Clause(Atom(sbt.plugins.JvmPlugin),Set(Atom(sbt.plugins.SemanticdbPlugin))), Clause(Atom(sbt.plugins.JvmPlugin),Set(Atom(sbt.plugins.JUnitXmlReportPlugin))), Clause(Atom(sbt.plugins.CorePlugin),Set(Atom(sbt.plugins.Giter8TemplatePlugin))), Clause(Atom(sbt.plugins.JvmPlugin),Set(Atom(sbt.plugins.MiniDependencyTreePlugin)))))
[debug]   :: deduced result: Matched(sbt.plugins.CorePlugin,sbt.plugins.Giter8TemplatePlugin,sbt.plugins.IvyPlugin,sbt.plugins.JvmPlugin,sbt.plugins.MiniDependencyTreePlugin,sbt.plugins.JUnitXmlReportPlugin,sbt.plugins.SemanticdbPlugin)
[debug] Plugins.deducer#function took 34.7989 ms
[debug]           Load.resolveProject(global-plugins) took 61.1709ms
[debug]         Load.loadTransitive: finalizeProject(Project(id global-plugins, base: C:\Users\user\.sbt\1.0\plugins, plugins: List(<none>))) took 128.5337ms
[debug] [Loading] Done in C:\Users\user\.sbt\1.0\plugins, returning: (global-plugins)
[debug]       Load.loadUnit: loadedProjectsRaw took 159.5908ms
[debug]       Load.loadUnit: cleanEvalClasses took 0.3307ms
[debug]     Load.loadUnit(file:/C:/Users/user/.sbt/1.0/plugins/, ...) took 380.6037ms
[debug]   Load.apply: load took 667.0901ms
[debug]   Load.apply: resolveProjects took 11.1471ms
[debug]   Load.apply: finalTransforms took 91.1255ms
[debug]   Load.apply: config.delegates took 13.1555ms
[debug]   Load.apply: Def.make(settings)... took 747.1597ms
[debug]   Load.apply: structureIndex took 175.8114ms
[debug]   Load.apply: mkStreams took 2.8835ms
[info] loading global plugins from C:\Users\user\.sbt\1.0\plugins
[debug] Running task... Cancel: Signal, check cycles: false, forcegc: true
[debug] Load.defaultLoad until apply took 4384.0856ms
[debug]           Load.loadUnit: plugins took 70.2621ms
[debug]           Load.loadUnit: defsScala took 0.0095ms
[debug] [Loading] Scanning directory C:\Users\user\Desktop\scala\Calculator2\project
[debug] [Loading] Found non-root projects 
[debug] [Loading] Done in C:\Users\user\Desktop\scala\Calculator2\project, returning: ()
[debug] deducing auto plugins based on known facts Set(Atom(sbt.plugins.CorePlugin)) and clauses Clauses(List(Clause(Atom(sbt.plugins.JvmPlugin),Set(Atom(sbt.plugins.IvyPlugin))), Clause(Atom(sbt.ScriptedPlugin),Set(Atom(sbt.plugins.JvmPlugin))), Clause(Atom(sbt.plugins.SbtPlugin),Set(Atom(sbt.ScriptedPlugin))), Clause(Atom(sbt.plugins.SemanticdbPlugin),Set(Atom(sbt.plugins.JvmPlugin))), Clause(Atom(sbt.plugins.JUnitXmlReportPlugin),Set(Atom(sbt.plugins.JvmPlugin))), Clause(Atom(sbt.plugins.MiniDependencyTreePlugin),Set(Atom(sbt.plugins.JvmPlugin))), Clause(Atom(sbt.plugins.CorePlugin),Set(Atom(sbt.plugins.IvyPlugin))), Clause(Atom(sbt.plugins.IvyPlugin),Set(Atom(sbt.plugins.JvmPlugin))), Clause(Atom(sbt.plugins.JvmPlugin),Set(Atom(sbt.plugins.SemanticdbPlugin))), Clause(Atom(sbt.plugins.JvmPlugin),Set(Atom(sbt.plugins.JUnitXmlReportPlugin))), Clause(Atom(sbt.plugins.CorePlugin),Set(Atom(sbt.plugins.Giter8TemplatePlugin))), Clause(Atom(sbt.plugins.JvmPlugin),Set(Atom(sbt.plugins.MiniDependencyTreePlugin)))))
[debug]   :: deduced result: Matched(sbt.plugins.CorePlugin,sbt.plugins.Giter8TemplatePlugin,sbt.plugins.IvyPlugin,sbt.plugins.JvmPlugin,sbt.plugins.MiniDependencyTreePlugin,sbt.plugins.JUnitXmlReportPlugin,sbt.plugins.SemanticdbPlugin)
[debug] Plugins.deducer#function took 4.9376 ms
[debug]               Load.resolveProject(calculator2-build) took 2.991ms
[debug]             Load.loadTransitive: finalizeProject(Project(id calculator2-build, base: C:\Users\user\Desktop\scala\Calculator2\project, plugins: List(<none>))) took 9.4053ms
[debug] [Loading] Done in C:\Users\user\Desktop\scala\Calculator2\project, returning: (calculator2-build)
[debug]           Load.loadUnit: loadedProjectsRaw took 14.0388ms
[debug]           Load.loadUnit: cleanEvalClasses took 0.0175ms
[debug]         Load.loadUnit(file:/C:/Users/user/Desktop/scala/Calculator2/project/, ...) took 85.9141ms
[debug]       Load.apply: load took 90.5489ms
[debug]       Load.apply: resolveProjects took 0.18ms
[debug]       Load.apply: finalTransforms took 16.2968ms
[debug]       Load.apply: config.delegates took 0.5124ms
[debug]       Load.apply: Def.make(settings)... took 121.7272ms
[debug]       Load.apply: structureIndex took 36.0301ms
[debug]       Load.apply: mkStreams took 0.004ms
[info] loading project definition from C:\Users\user\Desktop\scala\Calculator2\project
[debug] Running task... Cancel: Signal, check cycles: false, forcegc: true
[debug]     Load.loadUnit: plugins took 660.8954ms
[debug]     Load.loadUnit: defsScala took 0.0053ms
[debug] [Loading] Scanning directory C:\Users\user\Desktop\scala\Calculator2
[debug]       Load.loadUnit: mkEval took 11.8669ms
[debug] [Loading] Found non-root projects 
[debug] [Loading] Done in C:\Users\user\Desktop\scala\Calculator2, returning: ()
[debug] deducing auto plugins based on known facts Set(Atom(sbt.plugins.CorePlugin)) and clauses Clauses(List(Clause(Atom(sbt.plugins.JvmPlugin),Set(Atom(sbt.plugins.IvyPlugin))), Clause(Atom(sbt.ScriptedPlugin),Set(Atom(sbt.plugins.JvmPlugin))), Clause(Atom(sbt.plugins.SbtPlugin),Set(Atom(sbt.ScriptedPlugin))), Clause(Atom(sbt.plugins.SemanticdbPlugin),Set(Atom(sbt.plugins.JvmPlugin))), Clause(Atom(sbt.plugins.JUnitXmlReportPlugin),Set(Atom(sbt.plugins.JvmPlugin))), Clause(Atom(sbt.plugins.MiniDependencyTreePlugin),Set(Atom(sbt.plugins.JvmPlugin))), Clause(Atom(sbt.plugins.CorePlugin),Set(Atom(sbt.plugins.IvyPlugin))), Clause(Atom(sbt.plugins.IvyPlugin),Set(Atom(sbt.plugins.JvmPlugin))), Clause(Atom(sbt.plugins.JvmPlugin),Set(Atom(sbt.plugins.SemanticdbPlugin))), Clause(Atom(sbt.plugins.JvmPlugin),Set(Atom(sbt.plugins.JUnitXmlReportPlugin))), Clause(Atom(sbt.plugins.CorePlugin),Set(Atom(sbt.plugins.Giter8TemplatePlugin))), Clause(Atom(sbt.plugins.JvmPlugin),Set(Atom(sbt.plugins.MiniDependencyTreePlugin)))))
[debug]   :: deduced result: Matched(sbt.plugins.CorePlugin,sbt.plugins.Giter8TemplatePlugin,sbt.plugins.IvyPlugin,sbt.plugins.JvmPlugin,sbt.plugins.MiniDependencyTreePlugin,sbt.plugins.JUnitXmlReportPlugin,sbt.plugins.SemanticdbPlugin)
[debug] Plugins.deducer#function took 2.1546 ms
[info] loading settings for project calculator2 from build.sbt ...
[debug]         Load.resolveProject(calculator2) took 4.8565ms
[debug]       Load.loadTransitive: finalizeProject(Project(id calculator2, base: C:\Users\user\Desktop\scala\Calculator2, plugins: List(<none>))) took 7.9097ms
[debug] [Loading] Done in C:\Users\user\Desktop\scala\Calculator2, returning: (calculator2)
[debug]     Load.loadUnit: loadedProjectsRaw took 206.9933ms
[debug]     Load.loadUnit: cleanEvalClasses took 10.6248ms
[debug]   Load.loadUnit(file:/C:/Users/user/Desktop/scala/Calculator2/, ...) took 879.4143ms
[debug] Load.apply: load took 881.6224ms
[debug] Load.apply: resolveProjects took 0.2554ms
[debug] Load.apply: finalTransforms took 15.0177ms
[debug] Load.apply: config.delegates took 0.7387ms
[debug] Load.apply: Def.make(settings)... took 431.9638ms
[debug] Load.apply: structureIndex took 43.3871ms
[debug] Load.apply: mkStreams took 0.0051ms
[info] set current project to Calculator2 (in build file:/C:/Users/user/Desktop/scala/Calculator2/)
[debug] > Exec(sbtPopOnFailure, None, None)
[debug] > Exec(resumeFromFailure, None, None)
[debug] > Exec(notifyUsersAboutShell, None, None)
[debug] > Exec(iflast shell, None, None)
[debug] > Exec(run, None, None)
[debug] Evaluating tasks: Compile / run
[debug] Running task... Cancel: Signal, check cycles: false, forcegc: true
[info] compiling 1 Scala source to C:\Users\user\Desktop\scala\Calculator2\target\scala-2.13\classes ...
[info] done compiling
