[debug] > Exec(early(addDefaultCommands), None, None)
[debug] > Exec(addDefaultCommands, None, None)
[debug] > Exec(early(initialize), None, None)
[debug] > Exec(initialize, None, None)
[debug] > Exec(boot, None, None)
[debug] > Exec(writeSbtVersion, None, None)
[debug] > Exec(reload, None, None)
[debug] > Exec(sbtStashOnFailure, None, None)
[debug] > Exec(onFailure loadFailed, None, None)
[debug] > Exec(loadp, None, None)
[info] welcome to sbt 1.4.7 (JetBrains s.r.o. Java 11.0.9.1)
[debug]       Load.loadUnit: plugins took 140.2355ms
[debug]       Load.loadUnit: defsScala took 0.4484ms
[debug] [Loading] Scanning directory C:\Users\user\.sbt\1.0\plugins
[debug] [Loading] Found non-root projects 
[debug] [Loading] Done in C:\Users\user\.sbt\1.0\plugins, returning: ()
[debug] deducing auto plugins based on known facts Set(Atom(sbt.plugins.CorePlugin)) and clauses Clauses(List(Clause(Atom(sbt.plugins.JvmPlugin),Set(Atom(sbt.plugins.IvyPlugin))), Clause(Atom(sbt.ScriptedPlugin),Set(Atom(sbt.plugins.JvmPlugin))), Clause(Atom(sbt.plugins.SbtPlugin),Set(Atom(sbt.ScriptedPlugin))), Clause(Atom(sbt.plugins.SemanticdbPlugin),Set(Atom(sbt.plugins.JvmPlugin))), Clause(Atom(sbt.plugins.JUnitXmlReportPlugin),Set(Atom(sbt.plugins.JvmPlugin))), Clause(Atom(sbt.plugins.MiniDependencyTreePlugin),Set(Atom(sbt.plugins.JvmPlugin))), Clause(Atom(sbt.plugins.CorePlugin),Set(Atom(sbt.plugins.IvyPlugin))), Clause(Atom(sbt.plugins.IvyPlugin),Set(Atom(sbt.plugins.JvmPlugin))), Clause(Atom(sbt.plugins.JvmPlugin),Set(Atom(sbt.plugins.SemanticdbPlugin))), Clause(Atom(sbt.plugins.JvmPlugin),Set(Atom(sbt.plugins.JUnitXmlReportPlugin))), Clause(Atom(sbt.plugins.CorePlugin),Set(Atom(sbt.plugins.Giter8TemplatePlugin))), Clause(Atom(sbt.plugins.JvmPlugin),Set(Atom(sbt.plugins.MiniDependencyTreePlugin)))))
[debug]   :: deduced result: Matched(sbt.plugins.CorePlugin,sbt.plugins.Giter8TemplatePlugin,sbt.plugins.IvyPlugin,sbt.plugins.JvmPlugin,sbt.plugins.MiniDependencyTreePlugin,sbt.plugins.JUnitXmlReportPlugin,sbt.plugins.SemanticdbPlugin)
[debug] Plugins.deducer#function took 39.6174 ms
[debug]           Load.resolveProject(global-plugins) took 114.4248ms
[debug]         Load.loadTransitive: finalizeProject(Project(id global-plugins, base: C:\Users\user\.sbt\1.0\plugins, plugins: List(<none>))) took 194.4388ms
[debug] [Loading] Done in C:\Users\user\.sbt\1.0\plugins, returning: (global-plugins)
[debug]       Load.loadUnit: loadedProjectsRaw took 227.8595ms
[debug]       Load.loadUnit: cleanEvalClasses took 0.9236ms
[debug]     Load.loadUnit(file:/C:/Users/user/.sbt/1.0/plugins/, ...) took 384.7926ms
[debug]   Load.apply: load took 746.2637ms
[debug]   Load.apply: resolveProjects took 9.3636ms
[debug]   Load.apply: finalTransforms took 112.6458ms
[debug]   Load.apply: config.delegates took 10.0516ms
[debug]   Load.apply: Def.make(settings)... took 723.6581ms
[debug]   Load.apply: structureIndex took 144.6209ms
[debug]   Load.apply: mkStreams took 3.48ms
[info] loading global plugins from C:\Users\user\.sbt\1.0\plugins
[debug] Running task... Cancel: Signal, check cycles: false, forcegc: true
[debug] Load.defaultLoad until apply took 4230.2886ms
[debug]           Load.loadUnit: plugins took 42.6744ms
[debug]           Load.loadUnit: defsScala took 0.004ms
[debug] [Loading] Scanning directory C:\Users\user\Desktop\scala\Calculator2\project
[debug] [Loading] Found non-root projects 
[debug] [Loading] Done in C:\Users\user\Desktop\scala\Calculator2\project, returning: ()
[debug] deducing auto plugins based on known facts Set(Atom(sbt.plugins.CorePlugin)) and clauses Clauses(List(Clause(Atom(sbt.plugins.JvmPlugin),Set(Atom(sbt.plugins.IvyPlugin))), Clause(Atom(sbt.ScriptedPlugin),Set(Atom(sbt.plugins.JvmPlugin))), Clause(Atom(sbt.plugins.SbtPlugin),Set(Atom(sbt.ScriptedPlugin))), Clause(Atom(sbt.plugins.SemanticdbPlugin),Set(Atom(sbt.plugins.JvmPlugin))), Clause(Atom(sbt.plugins.JUnitXmlReportPlugin),Set(Atom(sbt.plugins.JvmPlugin))), Clause(Atom(sbt.plugins.MiniDependencyTreePlugin),Set(Atom(sbt.plugins.JvmPlugin))), Clause(Atom(sbt.plugins.CorePlugin),Set(Atom(sbt.plugins.IvyPlugin))), Clause(Atom(sbt.plugins.IvyPlugin),Set(Atom(sbt.plugins.JvmPlugin))), Clause(Atom(sbt.plugins.JvmPlugin),Set(Atom(sbt.plugins.SemanticdbPlugin))), Clause(Atom(sbt.plugins.JvmPlugin),Set(Atom(sbt.plugins.JUnitXmlReportPlugin))), Clause(Atom(sbt.plugins.CorePlugin),Set(Atom(sbt.plugins.Giter8TemplatePlugin))), Clause(Atom(sbt.plugins.JvmPlugin),Set(Atom(sbt.plugins.MiniDependencyTreePlugin)))))
[debug]   :: deduced result: Matched(sbt.plugins.CorePlugin,sbt.plugins.Giter8TemplatePlugin,sbt.plugins.IvyPlugin,sbt.plugins.JvmPlugin,sbt.plugins.MiniDependencyTreePlugin,sbt.plugins.JUnitXmlReportPlugin,sbt.plugins.SemanticdbPlugin)
[debug] Plugins.deducer#function took 2.4315 ms
[debug]               Load.resolveProject(calculator2-build) took 1.8316ms
[debug]             Load.loadTransitive: finalizeProject(Project(id calculator2-build, base: C:\Users\user\Desktop\scala\Calculator2\project, plugins: List(<none>))) took 4.9075ms
[debug] [Loading] Done in C:\Users\user\Desktop\scala\Calculator2\project, returning: (calculator2-build)
[debug]           Load.loadUnit: loadedProjectsRaw took 6.9858ms
[debug]           Load.loadUnit: cleanEvalClasses took 0.0143ms
[debug]         Load.loadUnit(file:/C:/Users/user/Desktop/scala/Calculator2/project/, ...) took 50.8325ms
[debug]       Load.apply: load took 53.1018ms
[debug]       Load.apply: resolveProjects took 0.215ms
[debug]       Load.apply: finalTransforms took 15.2965ms
[debug]       Load.apply: config.delegates took 0.6343ms
[debug]       Load.apply: Def.make(settings)... took 125.6196ms
[debug]       Load.apply: structureIndex took 34.7458ms
[debug]       Load.apply: mkStreams took 0.0035ms
[info] loading project definition from C:\Users\user\Desktop\scala\Calculator2\project
[debug] Running task... Cancel: Signal, check cycles: false, forcegc: true
[debug]     Load.loadUnit: plugins took 640.5122ms
[debug]     Load.loadUnit: defsScala took 0.0113ms
[debug] [Loading] Scanning directory C:\Users\user\Desktop\scala\Calculator2
[debug]       Load.loadUnit: mkEval took 26.88ms
[debug] [Loading] Found non-root projects 
[debug] [Loading] Done in C:\Users\user\Desktop\scala\Calculator2, returning: ()
[debug] deducing auto plugins based on known facts Set(Atom(sbt.plugins.CorePlugin)) and clauses Clauses(List(Clause(Atom(sbt.plugins.JvmPlugin),Set(Atom(sbt.plugins.IvyPlugin))), Clause(Atom(sbt.ScriptedPlugin),Set(Atom(sbt.plugins.JvmPlugin))), Clause(Atom(sbt.plugins.SbtPlugin),Set(Atom(sbt.ScriptedPlugin))), Clause(Atom(sbt.plugins.SemanticdbPlugin),Set(Atom(sbt.plugins.JvmPlugin))), Clause(Atom(sbt.plugins.JUnitXmlReportPlugin),Set(Atom(sbt.plugins.JvmPlugin))), Clause(Atom(sbt.plugins.MiniDependencyTreePlugin),Set(Atom(sbt.plugins.JvmPlugin))), Clause(Atom(sbt.plugins.CorePlugin),Set(Atom(sbt.plugins.IvyPlugin))), Clause(Atom(sbt.plugins.IvyPlugin),Set(Atom(sbt.plugins.JvmPlugin))), Clause(Atom(sbt.plugins.JvmPlugin),Set(Atom(sbt.plugins.SemanticdbPlugin))), Clause(Atom(sbt.plugins.JvmPlugin),Set(Atom(sbt.plugins.JUnitXmlReportPlugin))), Clause(Atom(sbt.plugins.CorePlugin),Set(Atom(sbt.plugins.Giter8TemplatePlugin))), Clause(Atom(sbt.plugins.JvmPlugin),Set(Atom(sbt.plugins.MiniDependencyTreePlugin)))))
[debug]   :: deduced result: Matched(sbt.plugins.CorePlugin,sbt.plugins.Giter8TemplatePlugin,sbt.plugins.IvyPlugin,sbt.plugins.JvmPlugin,sbt.plugins.MiniDependencyTreePlugin,sbt.plugins.JUnitXmlReportPlugin,sbt.plugins.SemanticdbPlugin)
[debug] Plugins.deducer#function took 2.0705 ms
[info] loading settings for project calculator2 from build.sbt ...
[debug]         Load.resolveProject(calculator2) took 5.5683ms
[debug]       Load.loadTransitive: finalizeProject(Project(id calculator2, base: C:\Users\user\Desktop\scala\Calculator2, plugins: List(<none>))) took 8.2259ms
[debug] [Loading] Done in C:\Users\user\Desktop\scala\Calculator2, returning: (calculator2)
[debug]     Load.loadUnit: loadedProjectsRaw took 186.2964ms
[debug]     Load.loadUnit: cleanEvalClasses took 8.6148ms
[debug]   Load.loadUnit(file:/C:/Users/user/Desktop/scala/Calculator2/, ...) took 836.2816ms
[debug] Load.apply: load took 839.7629ms
[debug] Load.apply: resolveProjects took 0.227ms
[debug] Load.apply: finalTransforms took 12.8755ms
[debug] Load.apply: config.delegates took 0.3989ms
[debug] Load.apply: Def.make(settings)... took 170.2266ms
[debug] Load.apply: structureIndex took 46.4911ms
[debug] Load.apply: mkStreams took 0.0029ms
[info] set current project to Calculator2 (in build file:/C:/Users/user/Desktop/scala/Calculator2/)
[debug] > Exec(sbtPopOnFailure, None, None)
[debug] > Exec(resumeFromFailure, None, None)
[debug] > Exec(notifyUsersAboutShell, None, None)
[debug] > Exec(iflast shell, None, None)
[debug] > Exec(run, None, None)
[debug] Evaluating tasks: Compile / run
[debug] Running task... Cancel: Signal, check cycles: false, forcegc: true
[info] compiling 2 Scala sources to C:\Users\user\Desktop\scala\Calculator2\target\scala-2.13\classes ...
[info] done compiling
