[debug] > Exec(early(addDefaultCommands), None, None)
[debug] > Exec(addDefaultCommands, None, None)
[debug] > Exec(early(initialize), None, None)
[debug] > Exec(initialize, None, None)
[debug] > Exec(boot, None, None)
[debug] > Exec(writeSbtVersion, None, None)
[debug] > Exec(reload, None, None)
[debug] > Exec(sbtStashOnFailure, None, None)
[debug] > Exec(onFailure loadFailed, None, None)
[debug] > Exec(loadp, None, None)
[info] welcome to sbt 1.4.7 (JetBrains s.r.o. Java 11.0.9.1)
[debug]       Load.loadUnit: plugins took 251.2378ms
[debug]       Load.loadUnit: defsScala took 0.5263ms
[debug] [Loading] Scanning directory C:\Users\user\.sbt\1.0\plugins
[debug] [Loading] Found non-root projects 
[debug] [Loading] Done in C:\Users\user\.sbt\1.0\plugins, returning: ()
[debug] deducing auto plugins based on known facts Set(Atom(sbt.plugins.CorePlugin)) and clauses Clauses(List(Clause(Atom(sbt.plugins.JvmPlugin),Set(Atom(sbt.plugins.IvyPlugin))), Clause(Atom(sbt.ScriptedPlugin),Set(Atom(sbt.plugins.JvmPlugin))), Clause(Atom(sbt.plugins.SbtPlugin),Set(Atom(sbt.ScriptedPlugin))), Clause(Atom(sbt.plugins.SemanticdbPlugin),Set(Atom(sbt.plugins.JvmPlugin))), Clause(Atom(sbt.plugins.JUnitXmlReportPlugin),Set(Atom(sbt.plugins.JvmPlugin))), Clause(Atom(sbt.plugins.MiniDependencyTreePlugin),Set(Atom(sbt.plugins.JvmPlugin))), Clause(Atom(sbt.plugins.CorePlugin),Set(Atom(sbt.plugins.IvyPlugin))), Clause(Atom(sbt.plugins.IvyPlugin),Set(Atom(sbt.plugins.JvmPlugin))), Clause(Atom(sbt.plugins.JvmPlugin),Set(Atom(sbt.plugins.SemanticdbPlugin))), Clause(Atom(sbt.plugins.JvmPlugin),Set(Atom(sbt.plugins.JUnitXmlReportPlugin))), Clause(Atom(sbt.plugins.CorePlugin),Set(Atom(sbt.plugins.Giter8TemplatePlugin))), Clause(Atom(sbt.plugins.JvmPlugin),Set(Atom(sbt.plugins.MiniDependencyTreePlugin)))))
[debug]   :: deduced result: Matched(sbt.plugins.CorePlugin,sbt.plugins.Giter8TemplatePlugin,sbt.plugins.IvyPlugin,sbt.plugins.JvmPlugin,sbt.plugins.MiniDependencyTreePlugin,sbt.plugins.JUnitXmlReportPlugin,sbt.plugins.SemanticdbPlugin)
[debug] Plugins.deducer#function took 50.2837 ms
[debug]           Load.resolveProject(global-plugins) took 73.6304ms
[debug]         Load.loadTransitive: finalizeProject(Project(id global-plugins, base: C:\Users\user\.sbt\1.0\plugins, plugins: List(<none>))) took 179.6945ms
[debug] [Loading] Done in C:\Users\user\.sbt\1.0\plugins, returning: (global-plugins)
[debug]       Load.loadUnit: loadedProjectsRaw took 217.3319ms
[debug]       Load.loadUnit: cleanEvalClasses took 0.2754ms
[debug]     Load.loadUnit(file:/C:/Users/user/.sbt/1.0/plugins/, ...) took 483.7143ms
[debug]   Load.apply: load took 824.2114ms
[debug]   Load.apply: resolveProjects took 8.8354ms
[debug]   Load.apply: finalTransforms took 94.1246ms
[debug]   Load.apply: config.delegates took 14.0012ms
[debug]   Load.apply: Def.make(settings)... took 869.8686ms
[debug]   Load.apply: structureIndex took 154.7366ms
[debug]   Load.apply: mkStreams took 3.9469ms
[info] loading global plugins from C:\Users\user\.sbt\1.0\plugins
[debug] Running task... Cancel: Signal, check cycles: false, forcegc: true
[debug] Load.defaultLoad until apply took 4432.337ms
[debug]           Load.loadUnit: plugins took 49.6188ms
[debug]           Load.loadUnit: defsScala took 0.0144ms
[debug] [Loading] Scanning directory C:\Users\user\Desktop\scala\Calculator2\project
[debug] [Loading] Found non-root projects 
[debug] [Loading] Done in C:\Users\user\Desktop\scala\Calculator2\project, returning: ()
[debug] deducing auto plugins based on known facts Set(Atom(sbt.plugins.CorePlugin)) and clauses Clauses(List(Clause(Atom(sbt.plugins.JvmPlugin),Set(Atom(sbt.plugins.IvyPlugin))), Clause(Atom(sbt.ScriptedPlugin),Set(Atom(sbt.plugins.JvmPlugin))), Clause(Atom(sbt.plugins.SbtPlugin),Set(Atom(sbt.ScriptedPlugin))), Clause(Atom(sbt.plugins.SemanticdbPlugin),Set(Atom(sbt.plugins.JvmPlugin))), Clause(Atom(sbt.plugins.JUnitXmlReportPlugin),Set(Atom(sbt.plugins.JvmPlugin))), Clause(Atom(sbt.plugins.MiniDependencyTreePlugin),Set(Atom(sbt.plugins.JvmPlugin))), Clause(Atom(sbt.plugins.CorePlugin),Set(Atom(sbt.plugins.IvyPlugin))), Clause(Atom(sbt.plugins.IvyPlugin),Set(Atom(sbt.plugins.JvmPlugin))), Clause(Atom(sbt.plugins.JvmPlugin),Set(Atom(sbt.plugins.SemanticdbPlugin))), Clause(Atom(sbt.plugins.JvmPlugin),Set(Atom(sbt.plugins.JUnitXmlReportPlugin))), Clause(Atom(sbt.plugins.CorePlugin),Set(Atom(sbt.plugins.Giter8TemplatePlugin))), Clause(Atom(sbt.plugins.JvmPlugin),Set(Atom(sbt.plugins.MiniDependencyTreePlugin)))))
[debug]   :: deduced result: Matched(sbt.plugins.CorePlugin,sbt.plugins.Giter8TemplatePlugin,sbt.plugins.IvyPlugin,sbt.plugins.JvmPlugin,sbt.plugins.MiniDependencyTreePlugin,sbt.plugins.JUnitXmlReportPlugin,sbt.plugins.SemanticdbPlugin)
[debug] Plugins.deducer#function took 2.6503 ms
[debug]               Load.resolveProject(calculator2-build) took 1.787ms
[debug]             Load.loadTransitive: finalizeProject(Project(id calculator2-build, base: C:\Users\user\Desktop\scala\Calculator2\project, plugins: List(<none>))) took 5.0919ms
[debug] [Loading] Done in C:\Users\user\Desktop\scala\Calculator2\project, returning: (calculator2-build)
[debug]           Load.loadUnit: loadedProjectsRaw took 7.2216ms
[debug]           Load.loadUnit: cleanEvalClasses took 0.0156ms
[debug]         Load.loadUnit(file:/C:/Users/user/Desktop/scala/Calculator2/project/, ...) took 58.4682ms
[debug]       Load.apply: load took 61.4101ms
[debug]       Load.apply: resolveProjects took 0.1371ms
[debug]       Load.apply: finalTransforms took 18.8205ms
[debug]       Load.apply: config.delegates took 0.5179ms
[debug]       Load.apply: Def.make(settings)... took 115.685ms
[debug]       Load.apply: structureIndex took 50.1908ms
[debug]       Load.apply: mkStreams took 0.0031ms
[info] loading project definition from C:\Users\user\Desktop\scala\Calculator2\project
[debug] Running task... Cancel: Signal, check cycles: false, forcegc: true
[debug]     Load.loadUnit: plugins took 624.9203ms
[debug]     Load.loadUnit: defsScala took 0.0038ms
[debug] [Loading] Scanning directory C:\Users\user\Desktop\scala\Calculator2
[debug]       Load.loadUnit: mkEval took 8.7709ms
[debug] [Loading] Found non-root projects 
[debug] [Loading] Done in C:\Users\user\Desktop\scala\Calculator2, returning: ()
[debug] deducing auto plugins based on known facts Set(Atom(sbt.plugins.CorePlugin)) and clauses Clauses(List(Clause(Atom(sbt.plugins.JvmPlugin),Set(Atom(sbt.plugins.IvyPlugin))), Clause(Atom(sbt.ScriptedPlugin),Set(Atom(sbt.plugins.JvmPlugin))), Clause(Atom(sbt.plugins.SbtPlugin),Set(Atom(sbt.ScriptedPlugin))), Clause(Atom(sbt.plugins.SemanticdbPlugin),Set(Atom(sbt.plugins.JvmPlugin))), Clause(Atom(sbt.plugins.JUnitXmlReportPlugin),Set(Atom(sbt.plugins.JvmPlugin))), Clause(Atom(sbt.plugins.MiniDependencyTreePlugin),Set(Atom(sbt.plugins.JvmPlugin))), Clause(Atom(sbt.plugins.CorePlugin),Set(Atom(sbt.plugins.IvyPlugin))), Clause(Atom(sbt.plugins.IvyPlugin),Set(Atom(sbt.plugins.JvmPlugin))), Clause(Atom(sbt.plugins.JvmPlugin),Set(Atom(sbt.plugins.SemanticdbPlugin))), Clause(Atom(sbt.plugins.JvmPlugin),Set(Atom(sbt.plugins.JUnitXmlReportPlugin))), Clause(Atom(sbt.plugins.CorePlugin),Set(Atom(sbt.plugins.Giter8TemplatePlugin))), Clause(Atom(sbt.plugins.JvmPlugin),Set(Atom(sbt.plugins.MiniDependencyTreePlugin)))))
[debug]   :: deduced result: Matched(sbt.plugins.CorePlugin,sbt.plugins.Giter8TemplatePlugin,sbt.plugins.IvyPlugin,sbt.plugins.JvmPlugin,sbt.plugins.MiniDependencyTreePlugin,sbt.plugins.JUnitXmlReportPlugin,sbt.plugins.SemanticdbPlugin)
[debug] Plugins.deducer#function took 3.8423 ms
[info] loading settings for project calculator2 from build.sbt ...
[debug]         Load.resolveProject(calculator2) took 4.2932ms
[debug]       Load.loadTransitive: finalizeProject(Project(id calculator2, base: C:\Users\user\Desktop\scala\Calculator2, plugins: List(<none>))) took 8.8836ms
[debug] [Loading] Done in C:\Users\user\Desktop\scala\Calculator2, returning: (calculator2)
[debug]     Load.loadUnit: loadedProjectsRaw took 199.4227ms
[debug]     Load.loadUnit: cleanEvalClasses took 8.3406ms
[debug]   Load.loadUnit(file:/C:/Users/user/Desktop/scala/Calculator2/, ...) took 833.4654ms
[debug] Load.apply: load took 835.408ms
[debug] Load.apply: resolveProjects took 0.1447ms
[debug] Load.apply: finalTransforms took 12.5717ms
[debug] Load.apply: config.delegates took 0.3938ms
[debug] Load.apply: Def.make(settings)... took 204.3775ms
[debug] Load.apply: structureIndex took 44.7392ms
[debug] Load.apply: mkStreams took 0.0031ms
[info] set current project to Calculator2 (in build file:/C:/Users/user/Desktop/scala/Calculator2/)
[debug] > Exec(sbtPopOnFailure, None, None)
[debug] > Exec(resumeFromFailure, None, None)
[debug] > Exec(notifyUsersAboutShell, None, None)
[debug] > Exec(iflast shell, None, None)
[debug] > Exec(run, None, None)
[debug] Evaluating tasks: Compile / run
[debug] Running task... Cancel: Signal, check cycles: false, forcegc: true
[info] compiling 2 Scala sources to C:\Users\user\Desktop\scala\Calculator2\target\scala-2.13\classes ...
[info] done compiling
